<?xml version="1.0" encoding="UTF-8"?>
<!-- Generated by org.testng.reporters.JUnitReportReporter -->
<testsuite skipped="0" hostname="sys" name="search.InputSearch" tests="1" failures="0" timestamp="21 Sep 2018 02:34:30 GMT" time="17.558" errors="0">
  <testcase name="search" time="17.558" classname="search.InputSearch"/>
</testsuite> <!-- search.InputSearch -->
